<?xml version="1.0" encoding="UTF-8"?>
<testng-results ignored="0" total="1" passed="1" failed="0" skipped="0">
  <reporter-output>
  </reporter-output>
  <suite started-at="2025-09-01T16:25:38 IST" name="Default suite" finished-at="2025-09-01T16:25:54 IST" duration-ms="15676">
    <groups>
    </groups>
    <test started-at="2025-09-01T16:25:38 IST" name="Default test" finished-at="2025-09-01T16:25:54 IST" duration-ms="15676">
      <class name="seleniumPractice.ShadowRootElementTest">
        <test-method signature="shadowRoot()[pri:0, instance:seleniumPractice.ShadowRootElementTest@34a3d150]" started-at="2025-09-01T16:25:38 IST" name="shadowRoot" finished-at="2025-09-01T16:25:54 IST" duration-ms="15637" status="PASS">
          <reporter-output>
          </reporter-output>
        </test-method> <!-- shadowRoot -->
      </class> <!-- seleniumPractice.ShadowRootElementTest -->
    </test> <!-- Default test -->
  </suite> <!-- Default suite -->
</testng-results>
