<?xml version="1.0" encoding="UTF-8"?>
<testng-results ignored="0" total="1" passed="1" failed="0" skipped="0">
  <reporter-output>
  </reporter-output>
  <suite started-at="2025-12-04T14:05:43 IST" name="Default suite" finished-at="2025-12-04T14:05:51 IST" duration-ms="8534">
    <groups>
    </groups>
    <test started-at="2025-12-04T14:05:43 IST" name="Default test" finished-at="2025-12-04T14:05:51 IST" duration-ms="8534">
      <class name="seleniumPractice.autosuggestionTest">
        <test-method signature="autoSugg()[pri:0, instance:seleniumPractice.autosuggestionTest@3eb738bb]" started-at="2025-12-04T14:05:43 IST" name="autoSugg" finished-at="2025-12-04T14:05:51 IST" duration-ms="8478" status="PASS">
          <reporter-output>
          </reporter-output>
        </test-method> <!-- autoSugg -->
      </class> <!-- seleniumPractice.autosuggestionTest -->
    </test> <!-- Default test -->
  </suite> <!-- Default suite -->
</testng-results>
