<?xml version="1.0" encoding="UTF-8"?>
<!-- Generated by org.testng.reporters.JUnitReportReporter -->
<testsuite hostname="LAPTOP-0PPLFCQT" failures="0" tests="5" name="seleniumPractice.FileUploadTest" time="41.994" errors="0" timestamp="2025-08-28T18:01:14 IST" skipped="0">
  <testcase classname="seleniumPractice.FileUploadTest" name="fileUpload_usingjavaScriptExecutor" time="8.414"/>
  <testcase classname="seleniumPractice.FileUploadTest" name="fileUpload_usingRobotClass" time="5.173"/>
  <testcase classname="seleniumPractice.FileUploadTest" name="fileUpload_usingActionsClass" time="6.652"/>
  <testcase classname="seleniumPractice.FileUploadTest" name="fileUpload_usingAbsolutePath" time="14.971"/>
  <testcase classname="seleniumPractice.FileUploadTest" name="fileupload_method1" time="6.784"/>
</testsuite> <!-- seleniumPractice.FileUploadTest -->
