<?xml version="1.0" encoding="UTF-8"?>
<!-- Generated by org.testng.reporters.JUnitReportReporter -->
<testsuite hostname="LAPTOP-0PPLFCQT" failures="0" tests="2" name="seleniumPractice.readAndWriteFromPropertyFile" time="0.045" errors="0" timestamp="2025-11-24T15:59:57 IST" skipped="0">
  <testcase classname="seleniumPractice.readAndWriteFromPropertyFile" name="writeDataInPropertyFile" time="0.033"/>
  <testcase classname="seleniumPractice.readAndWriteFromPropertyFile" name="readDataFromPropertyFile" time="0.012"/>
</testsuite> <!-- seleniumPractice.readAndWriteFromPropertyFile -->
